2024-03-21T11:40:00.327+05:30  INFO 62946 --- [main] com.crudapp.crudapp.CrudappApplication   : Starting CrudappApplication using Java 17.0.10 with PID 62946 (/Users/aditya2.gupta/Downloads/project/Crud_Application/target/classes started by aditya2.gupta in /Users/aditya2.gupta/Downloads/project/Crud_Application)
2024-03-21T11:40:00.352+05:30  INFO 62946 --- [main] com.crudapp.crudapp.CrudappApplication   : No active profile set, falling back to 1 default profile: "default"
2024-03-21T11:40:02.497+05:30  INFO 62946 --- [main] .s.d.r.c.RepositoryConfigurationDelegate : Bootstrapping Spring Data JPA repositories in DEFAULT mode.
2024-03-21T11:40:02.674+05:30  INFO 62946 --- [main] .s.d.r.c.RepositoryConfigurationDelegate : Finished Spring Data repository scanning in 151 ms. Found 3 JPA repository interfaces.
2024-03-21T11:40:04.128+05:30  INFO 62946 --- [main] o.s.b.w.embedded.tomcat.TomcatWebServer  : Tomcat initialized with port 8080 (http)
2024-03-21T11:40:04.160+05:30  INFO 62946 --- [main] o.apache.catalina.core.StandardService   : Starting service [Tomcat]
2024-03-21T11:40:04.160+05:30  INFO 62946 --- [main] o.apache.catalina.core.StandardEngine    : Starting Servlet engine: [Apache Tomcat/10.1.18]
2024-03-21T11:40:04.298+05:30  INFO 62946 --- [main] o.a.c.c.C.[Tomcat].[localhost].[/]       : Initializing Spring embedded WebApplicationContext
2024-03-21T11:40:04.298+05:30  INFO 62946 --- [main] w.s.c.ServletWebServerApplicationContext : Root WebApplicationContext: initialization completed in 3775 ms
2024-03-21T11:40:04.680+05:30  INFO 62946 --- [main] o.hibernate.jpa.internal.util.LogHelper  : HHH000204: Processing PersistenceUnitInfo [name: default]
2024-03-21T11:40:04.865+05:30  INFO 62946 --- [main] org.hibernate.Version                    : HHH000412: Hibernate ORM core version 6.4.1.Final
2024-03-21T11:40:04.973+05:30  INFO 62946 --- [main] o.h.c.internal.RegionFactoryInitiator    : HHH000026: Second-level cache disabled
2024-03-21T11:40:05.639+05:30  INFO 62946 --- [main] o.s.o.j.p.SpringPersistenceUnitInfo      : No LoadTimeWeaver setup: ignoring JPA class transformer
2024-03-21T11:40:05.709+05:30  INFO 62946 --- [main] com.zaxxer.hikari.HikariDataSource       : HikariPool-1 - Starting...
2024-03-21T11:40:06.656+05:30  INFO 62946 --- [main] com.zaxxer.hikari.pool.HikariPool        : HikariPool-1 - Added connection com.mysql.cj.jdbc.ConnectionImpl@6eed46e9
2024-03-21T11:40:06.659+05:30  INFO 62946 --- [main] com.zaxxer.hikari.HikariDataSource       : HikariPool-1 - Start completed.
2024-03-21T11:40:06.809+05:30  WARN 62946 --- [main] org.hibernate.orm.deprecation            : HHH90000025: MySQLDialect does not need to be specified explicitly using 'hibernate.dialect' (remove the property setting and it will be selected by default)
2024-03-21T11:40:09.005+05:30  INFO 62946 --- [main] o.h.e.t.j.p.i.JtaPlatformInitiator       : HHH000489: No JTA platform available (set 'hibernate.transaction.jta.platform' to enable JTA platform integration)
2024-03-21T11:40:09.150+05:30  INFO 62946 --- [main] j.LocalContainerEntityManagerFactoryBean : Initialized JPA EntityManagerFactory for persistence unit 'default'
2024-03-21T11:40:09.761+05:30  INFO 62946 --- [main] o.s.d.j.r.query.QueryEnhancerFactory     : Hibernate is in classpath; If applicable, HQL parser will be used.
2024-03-21T11:40:10.263+05:30  INFO 62946 --- [main] com.crudapp.crudapp.config.AsyncConfig   : Creating async Task Executor
2024-03-21T11:40:10.342+05:30  WARN 62946 --- [main] JpaBaseConfiguration$JpaWebConfiguration : spring.jpa.open-in-view is enabled by default. Therefore, database queries may be performed during view rendering. Explicitly configure spring.jpa.open-in-view to disable this warning
2024-03-21T11:40:11.002+05:30  WARN 62946 --- [main] .s.s.UserDetailsServiceAutoConfiguration : 

Using generated security password: 0b0b1580-42ce-4418-a715-b7225026dae7

This generated password is for development use only. Your security configuration must be updated before running your application in production.

2024-03-21T11:40:11.369+05:30  INFO 62946 --- [main] o.s.s.web.DefaultSecurityFilterChain     : Will secure any request with [org.springframework.security.web.session.DisableEncodeUrlFilter@1ef7e4c7, org.springframework.security.web.context.request.async.WebAsyncManagerIntegrationFilter@57edfa89, org.springframework.security.web.context.SecurityContextHolderFilter@55a29589, org.springframework.security.web.header.HeaderWriterFilter@b867869, org.springframework.web.filter.CorsFilter@6c0bf8f4, org.springframework.security.web.csrf.CsrfFilter@6d514259, org.springframework.security.web.authentication.logout.LogoutFilter@2ffaa711, org.springframework.security.web.authentication.UsernamePasswordAuthenticationFilter@147892be, org.springframework.security.web.authentication.ui.DefaultLoginPageGeneratingFilter@1259b2a5, org.springframework.security.web.authentication.ui.DefaultLogoutPageGeneratingFilter@73476e2d, org.springframework.security.web.authentication.www.BasicAuthenticationFilter@377d55, org.springframework.security.web.savedrequest.RequestCacheAwareFilter@4a7427f9, org.springframework.security.web.servletapi.SecurityContextHolderAwareRequestFilter@155767a7, org.springframework.security.web.authentication.AnonymousAuthenticationFilter@52b77d5e, org.springframework.security.web.access.ExceptionTranslationFilter@2db4a84a, org.springframework.security.web.access.intercept.AuthorizationFilter@609edb55]
2024-03-21T11:40:11.486+05:30  INFO 62946 --- [main] o.s.b.w.embedded.tomcat.TomcatWebServer  : Tomcat started on port 8080 (http) with context path ''
2024-03-21T11:40:11.501+05:30  INFO 62946 --- [main] com.crudapp.crudapp.CrudappApplication   : Started CrudappApplication in 12.444 seconds (process running for 13.771)
2024-03-21T11:41:20.936+05:30  INFO 62946 --- [http-nio-8080-exec-2] o.a.c.c.C.[Tomcat].[localhost].[/]       : Initializing Spring DispatcherServlet 'dispatcherServlet'
2024-03-21T11:41:20.937+05:30  INFO 62946 --- [http-nio-8080-exec-2] o.s.web.servlet.DispatcherServlet        : Initializing Servlet 'dispatcherServlet'
2024-03-21T11:41:20.939+05:30  INFO 62946 --- [http-nio-8080-exec-2] o.s.web.servlet.DispatcherServlet        : Completed initialization in 2 ms
